<?xml version="1.0" encoding="UTF-8"?>
<testsuite name="test.pivotal.pal.tracker.EnvControllerTest" tests="1" skipped="0" failures="0" errors="0" timestamp="2018-03-27T14:36:49" hostname="AMAC02VP0H4J1GP" time="0.049">
  <properties/>
  <testcase name="getEnv" classname="test.pivotal.pal.tracker.EnvControllerTest" time="0.049"/>
  <system-out><![CDATA[]]></system-out>
  <system-err><![CDATA[]]></system-err>
</testsuite>
